Base path: D:/Program Files (x86)/Unity/Editor/Data
Pipe name: \\.\pipe\UnityShaderCompiler-1-71232
Cmd: getPlatforms
Cmd: compileSnippet
  api=4 type=0 insize=942 outsize=1193 kw= ok=1
Cmd: compileSnippet
  api=4 type=1 insize=942 outsize=754 kw= ok=1
Cmd: compileSnippet
  api=0 type=0 insize=4316 outsize=436 kw=DIRECTIONAL SHADOWS_OFF LIGHTMAP_ON DIRLIGHTMAP_ON ok=1
Cmd: compileSnippet
  api=4 type=0 insize=4316 outsize=1493 kw=DIRECTIONAL SHADOWS_OFF LIGHTMAP_ON DIRLIGHTMAP_ON ok=1
Cmd: compileSnippet
  api=4 type=0 insize=4316 outsize=2997 kw=DIRECTIONAL SHADOWS_SCREEN LIGHTMAP_OFF DIRLIGHTMAP_OFF ok=1
Cmd: compileSnippet
  api=0 type=0 insize=4316 outsize=540 kw=DIRECTIONAL SHADOWS_SCREEN LIGHTMAP_ON DIRLIGHTMAP_OFF ok=1
Cmd: compileSnippet
  api=4 type=0 insize=4316 outsize=1883 kw=DIRECTIONAL SHADOWS_SCREEN LIGHTMAP_ON DIRLIGHTMAP_OFF ok=1
Cmd: compileSnippet
  api=0 type=0 insize=4316 outsize=540 kw=DIRECTIONAL SHADOWS_SCREEN LIGHTMAP_ON DIRLIGHTMAP_ON ok=1
Cmd: compileSnippet
  api=0 type=0 insize=4316 outsize=1693 kw=DIRECTIONAL SHADOWS_SCREEN LIGHTMAP_OFF DIRLIGHTMAP_OFF VERTEXLIGHT_ON ok=1
Cmd: compileSnippet
  api=0 type=1 insize=4316 outsize=314 kw=DIRECTIONAL SHADOWS_OFF LIGHTMAP_ON DIRLIGHTMAP_ON ok=1
Cmd: compileSnippet
  api=0 type=1 insize=4316 outsize=492 kw=DIRECTIONAL SHADOWS_SCREEN LIGHTMAP_ON DIRLIGHTMAP_ON ok=1
Cmd: compileSnippet
  api=0 type=0 insize=2292 outsize=560 kw=DIRECTIONAL ok=1
Cmd: compileSnippet
  api=4 type=0 insize=2292 outsize=2875 kw=SPOT ok=1
Cmd: compileSnippet
  api=1 type=0 insize=2292 outsize=359 kw=DIRECTIONAL_COOKIE ok=1
Cmd: compileSnippet
  api=0 type=1 insize=2292 outsize=380 kw=DIRECTIONAL ok=1
Cmd: compileSnippet
  api=4 type=1 insize=2292 outsize=2103 kw=SPOT ok=1
Cmd: compileSnippet
  api=8 type=1 insize=2292 outsize=2698 kw=POINT_COOKIE ok=1
Cmd: compileSnippet
  api=8 type=0 insize=1820 outsize=2097 kw= ok=1
Cmd: compileSnippet
  api=4 type=1 insize=1820 outsize=632 kw= ok=1
Cmd: compileSnippet
  api=1 type=0 insize=4033 outsize=503 kw=LIGHTMAP_ON DIRLIGHTMAP_OFF HDR_LIGHT_PREPASS_OFF ok=1
Cmd: compileSnippet
  api=0 type=0 insize=4033 outsize=855 kw=LIGHTMAP_ON DIRLIGHTMAP_OFF HDR_LIGHT_PREPASS_ON ok=1
Cmd: compileSnippet
  api=8 type=1 insize=4033 outsize=1853 kw=LIGHTMAP_OFF DIRLIGHTMAP_OFF HDR_LIGHT_PREPASS_OFF ok=1
Cmd: compileSnippet
  api=8 type=1 insize=4033 outsize=3104 kw=LIGHTMAP_ON DIRLIGHTMAP_OFF HDR_LIGHT_PREPASS_ON ok=1
Cmd: compileSnippet
  api=0 type=0 insize=1601 outsize=452 kw=SHADOWS_CUBE ok=1
Cmd: compileSnippet
  api=4 type=1 insize=1601 outsize=437 kw=SHADOWS_DEPTH ok=1
Cmd: compileSnippet
  api=1 type=0 insize=1646 outsize=456 kw=SHADOWS_NATIVE ok=1
Cmd: compileSnippet
  api=0 type=1 insize=1646 outsize=835 kw=SHADOWS_NATIVE ok=1
